#
# A fatal error has been detected by the Java Runtime Environment:
#
#  EXCEPTION_ACCESS_VIOLATION (0xc0000005) at pc=0x00007ffec7c0800c, pid=31544, tid=22236
#
# JRE version: OpenJDK Runtime Environment (15.0.2+7) (build 15.0.2+7-27)
# Java VM: OpenJDK 64-Bit Server VM (15.0.2+7-27, mixed mode, tiered, compressed oops, g1 gc, windows-amd64)
# Problematic frame:
# V  [jvm.dll+0x6a800c]
#
# No core dump will be written. Minidumps are not enabled by default on client versions of Windows
#
# If you would like to submit a bug report, please visit:
#   https://bugreport.java.com/bugreport/crash.jsp
#

---------------  S U M M A R Y ------------

Command Line: -XX:+ShowCodeDetailsInExceptionMessages -agentlib:jdwp=transport=dt_socket,suspend=y,address=localhost:54646 -ea -javaagent:C:\Users\suchi\eclipse\java-2021-03\eclipse\configuration\org.eclipse.osgi\222\0\.cp\lib\javaagent-shaded.jar -Dfile.encoding=Cp1252 org.eclipse.jdt.internal.junit.runner.RemoteTestRunner -version 3 -port 54645 -testLoaderClass org.eclipse.jdt.internal.junit4.runner.JUnit4TestLoader -loaderpluginname org.eclipse.jdt.junit4.runtime -classNames utility.TestRunner

Host: Intel(R) Core(TM) i5-10210U CPU @ 1.60GHz, 8 cores, 7G,  Windows 10 , 64 bit Build 19041 (10.0.19041.1503)
Time: Mon Feb 21 12:58:40 2022 GMT Standard Time elapsed time: 305.037181 seconds (0d 0h 5m 5s)

---------------  T H R E A D  ---------------

Current thread (0x000001817814f950):  JavaThread "JDWP Transport Listener: dt_socket" daemon [_thread_in_vm, id=22236, stack(0x000000667ad00000,0x000000667ae00000)] _threads_hazard_ptr=0x0000018178c84f50

Stack: [0x000000667ad00000,0x000000667ae00000],  sp=0x000000667adfe7d0,  free space=1017k
Native frames: (J=compiled Java code, j=interpreted, Vv=VM code, C=native code)
V  [jvm.dll+0x6a800c]
V  [jvm.dll+0x2fff3f]
V  [jvm.dll+0x302055]
V  [jvm.dll+0x3026ce]
V  [jvm.dll+0x2ffd7f]
V  [jvm.dll+0x2ff02a]
V  [jvm.dll+0x619ec0]
V  [jvm.dll+0x619ba3]
V  [jvm.dll+0x5df278]
V  [jvm.dll+0x77876f]
V  [jvm.dll+0x4f02e1]
V  [jvm.dll+0x7882b5]
V  [jvm.dll+0x4d40ea]
V  [jvm.dll+0x49526b]
C  [jdwp.dll+0x796b]


siginfo: EXCEPTION_ACCESS_VIOLATION (0xc0000005), reading address 0x0000000000000004


Register to memory mapping:

RIP=0x00007ffec7c0800c jvm.dll
RAX=0x0 is NULL
RBX=0x0 is NULL
RCX=0x000000667adfe7f0 is pointing into the stack for thread: 0x000001817814f950
RDX=0x0 is NULL
RSP=0x000000667adfe7d0 is pointing into the stack for thread: 0x000001817814f950
RBP=0x000000667adfe930 is pointing into the stack for thread: 0x000001817814f950
RSI=0x0 is NULL
RDI=0x000000667adfef40 is pointing into the stack for thread: 0x000001817814f950
R8 =0x0 is NULL
R9 =0x000001817a7bacf0 is pointing into metadata
R10=0x0 is NULL
R11=0x0 is NULL
R12=0x00007ffec7560000 jvm.dll
R13=0x0000018177fda2d8 points into unknown readable memory: 0x0000003360700f00 | 00 0f 70 60 33 00 00 00
R14=0x000000667adfe860 is pointing into the stack for thread: 0x000001817814f950
R15=0x00000000000000c9 is an unknown value


Registers:
RAX=0x0000000000000000, RBX=0x0000000000000000, RCX=0x000000667adfe7f0, RDX=0x0000000000000000
RSP=0x000000667adfe7d0, RBP=0x000000667adfe930, RSI=0x0000000000000000, RDI=0x000000667adfef40
R8 =0x0000000000000000, R9 =0x000001817a7bacf0, R10=0x0000000000000000, R11=0x0000000000000000
R12=0x00007ffec7560000, R13=0x0000018177fda2d8, R14=0x000000667adfe860, R15=0x00000000000000c9
RIP=0x00007ffec7c0800c, EFLAGS=0x0000000000010246

Top of Stack: (sp=0x000000667adfe7d0)
0x000000667adfe7d0:   0000000000000000 0000000000000000
0x000000667adfe7e0:   000000667adfef40 000001815b420000
0x000000667adfe7f0:   0000000000000000 00007ffec776e9be
0x000000667adfe800:   0000000000000001 0000000000000000
0x000000667adfe810:   0000018177512710 0000000000000000
0x000000667adfe820:   000001817a7bbcf6 00007ffec785ff3f
0x000000667adfe830:   0000000000000000 0000000000000000
0x000000667adfe840:   000001815b240000 000000667adfe909
0x000000667adfe850:   000000000000000a 00007fff5ba9b3c7
0x000000667adfe860:   0000000000000000 00007ffe00000063
0x000000667adfe870:   0000000000000000 000000667adfe8b8
0x000000667adfe880:   0000000200000000 0000018177518298
0x000000667adfe890:   0000000300000002 0000000000000003
0x000000667adfe8a0:   000000030000000e 0000018177512710
0x000000667adfe8b0:   0000000000000000 0000000000000000
0x000000667adfe8c0:   0000000000000000 00007ffec7c57596 

Instructions: (pc=0x00007ffec7c0800c)
0x00007ffec7c07f0c:   47 1c 03 00 00 00 44 89 47 0c 44 89 47 08 44 3b
0x00007ffec7c07f1c:   c3 7c 17 c7 47 1c ff ff ff ff 48 8b 5c 24 30 48
0x00007ffec7c07f2c:   8b 74 24 38 48 83 c4 20 5f c3 0f be 4c 30 07 e8
0x00007ffec7c07f3c:   e0 fb ff ff 48 83 c6 06 89 47 18 83 e8 0c 74 50
0x00007ffec7c07f4c:   83 f8 01 75 34 49 63 c0 48 3b c3 7d 18 0f 1f 80
0x00007ffec7c07f5c:   00 00 00 00 80 3c 30 5b 75 0b 41 ff c0 48 ff c0
0x00007ffec7c07f6c:   48 3b c3 7c ef 49 63 c8 41 8b c0 2b 47 0c 48 03
0x00007ffec7c07f7c:   ce 89 47 14 80 39 4c 74 1d 41 8d 58 01 89 5f 0c
0x00007ffec7c07f8c:   48 8b 5c 24 30 48 8b 74 24 38 48 83 c4 20 5f c3
0x00007ffec7c07f9c:   49 63 c8 48 03 ce 8b c3 ba 3b 00 00 00 41 2b c0
0x00007ffec7c07fac:   4c 63 c0 e8 cc 1d 13 00 48 85 c0 74 06 8b d8 2b
0x00007ffec7c07fbc:   de ff c3 48 8b 74 24 38 89 5f 0c 48 8b 5c 24 30
0x00007ffec7c07fcc:   48 83 c4 20 5f c3 cc cc cc cc cc cc cc cc cc cc
0x00007ffec7c07fdc:   cc cc cc cc 41 56 48 83 ec 50 83 79 08 63 4c 8b
0x00007ffec7c07fec:   f1 0f 85 d3 00 00 00 48 8b 01 48 8d 4c 24 20 48
0x00007ffec7c07ffc:   89 44 24 20 48 89 5c 24 60 33 db 48 89 74 24 68
0x00007ffec7c0800c:   0f b7 40 04 89 44 24 30 48 8b 05 0d 02 42 00 48
0x00007ffec7c0801c:   89 44 24 40 c7 44 24 3c 01 00 00 00 c7 44 24 2c
0x00007ffec7c0802c:   01 00 00 00 c7 44 24 28 01 00 00 00 89 5c 24 34
0x00007ffec7c0803c:   48 89 5c 24 48 e8 7a fe ff ff 48 8d 4c 24 20 e8
0x00007ffec7c0804c:   b0 00 00 00 8b 44 24 38 48 8b 4c 24 40 41 89 46
0x00007ffec7c0805c:   08 e8 ee e9 04 00 48 8b 74 24 48 48 85 f6 74 45
0x00007ffec7c0806c:   39 1e 7e 41 48 89 7c 24 70 8b fb 66 0f 1f 84 00
0x00007ffec7c0807c:   00 00 00 00 48 8b 4e 18 48 8b 0c 39 e8 c3 e9 04
0x00007ffec7c0808c:   00 ff c3 48 8d 7f 08 3b 1e 7c e9 41 8b 46 08 48
0x00007ffec7c0809c:   8b 7c 24 70 48 8b 5c 24 60 48 8b 74 24 68 48 83
0x00007ffec7c080ac:   c4 50 41 5e c3 41 8b 46 08 48 8b 5c 24 60 48 8b
0x00007ffec7c080bc:   74 24 68 48 83 c4 50 41 5e c3 8b 41 08 48 83 c4
0x00007ffec7c080cc:   50 41 5e c3 48 8d 42 ff 48 83 f8 fd 77 14 48 3b
0x00007ffec7c080dc:   51 10 74 19 48 89 51 10 48 d1 ea 83 e2 0f 89 51
0x00007ffec7c080ec:   08 c3 48 89 51 10 c7 41 08 63 00 00 00 c3 cc cc
0x00007ffec7c080fc:   cc cc cc cc 40 53 48 83 ec 20 8b 41 1c 48 8b d9 


Stack slot to memory mapping:
stack at sp + 0 slots: 0x0 is NULL
stack at sp + 1 slots: 0x0 is NULL
stack at sp + 2 slots: 0x000000667adfef40 is pointing into the stack for thread: 0x000001817814f950
stack at sp + 3 slots: 0x000001815b420000 points into unknown readable memory: 0x0000000000000000 | 00 00 00 00 00 00 00 00
stack at sp + 4 slots: 0x0 is NULL
stack at sp + 5 slots: 0x00007ffec776e9be jvm.dll
stack at sp + 6 slots: 0x0000000000000001 is an unknown value
stack at sp + 7 slots: 0x0 is NULL


---------------  P R O C E S S  ---------------

Threads class SMR info:
_java_thread_list=0x0000018178c84f50, length=18, elements={
0x000001815b4fcd90, 0x0000018177662040, 0x0000018177662a00, 0x0000018177e88600,
0x0000018177e8afd0, 0x0000018177e8b990, 0x0000018177665fd0, 0x000001817766e520,
0x0000018177edb6b0, 0x0000018177fe0f10, 0x000001817814f950, 0x0000018178150410,
0x0000018178150af0, 0x0000018178aec0b0, 0x000001817910b690, 0x000001817b35a010,
0x000001817af0d8a0, 0x000001817b694d20
}

Java Threads: ( => current thread )
  0x000001815b4fcd90 JavaThread "main" [_thread_blocked, id=29584, stack(0x0000006679d00000,0x0000006679e00000)]
  0x0000018177662040 JavaThread "Reference Handler" daemon [_thread_blocked, id=21552, stack(0x000000667a400000,0x000000667a500000)]
  0x0000018177662a00 JavaThread "Finalizer" daemon [_thread_blocked, id=27792, stack(0x000000667a500000,0x000000667a600000)]
  0x0000018177e88600 JavaThread "Signal Dispatcher" daemon [_thread_blocked, id=8516, stack(0x000000667a600000,0x000000667a700000)]
  0x0000018177e8afd0 JavaThread "Attach Listener" daemon [_thread_blocked, id=25752, stack(0x000000667a700000,0x000000667a800000)]
  0x0000018177e8b990 JavaThread "Service Thread" daemon [_thread_blocked, id=20108, stack(0x000000667a800000,0x000000667a900000)]
  0x0000018177665fd0 JavaThread "C2 CompilerThread0" daemon [_thread_blocked, id=24200, stack(0x000000667a900000,0x000000667aa00000)]
  0x000001817766e520 JavaThread "C1 CompilerThread0" daemon [_thread_blocked, id=14704, stack(0x000000667aa00000,0x000000667ab00000)]
  0x0000018177edb6b0 JavaThread "Sweeper thread" daemon [_thread_blocked, id=17800, stack(0x000000667ab00000,0x000000667ac00000)]
  0x0000018177fe0f10 JavaThread "Common-Cleaner" daemon [_thread_blocked, id=28676, stack(0x000000667ac00000,0x000000667ad00000)]
=>0x000001817814f950 JavaThread "JDWP Transport Listener: dt_socket" daemon [_thread_in_vm, id=22236, stack(0x000000667ad00000,0x000000667ae00000)]
  0x0000018178150410 JavaThread "JDWP Event Helper Thread" daemon [_thread_blocked, id=18836, stack(0x000000667ae00000,0x000000667af00000)]
  0x0000018178150af0 JavaThread "JDWP Command Reader" daemon [_thread_in_native, id=32136, stack(0x000000667af00000,0x000000667b000000)]
  0x0000018178aec0b0 JavaThread "Notification Thread" daemon [_thread_blocked, id=27316, stack(0x000000667b100000,0x000000667b200000)]
  0x000001817910b690 JavaThread "ReaderThread" [_thread_in_native, id=19164, stack(0x000000667b300000,0x000000667b400000)]
  0x000001817b35a010 JavaThread "ForkJoinPool.commonPool-worker-5" daemon [_thread_blocked, id=32116, stack(0x000000667ba00000,0x000000667bb00000)]
  0x000001817af0d8a0 JavaThread "OkHttp ConnectionPool" daemon [_thread_blocked, id=31304, stack(0x000000667bf00000,0x000000667c000000)]
  0x000001817b694d20 JavaThread "Okio Watchdog" daemon [_thread_blocked, id=22632, stack(0x000000667c000000,0x000000667c100000)]

Other Threads:
  0x0000018177e7b000 VMThread "VM Thread" [stack: 0x000000667a300000,0x000000667a400000] [id=4596]
  0x000001815b4fe040 WatcherThread [stack: 0x000000667b200000,0x000000667b300000] [id=18536]
  0x000001815b53c420 GCTaskThread "GC Thread#0" [stack: 0x0000006679e00000,0x0000006679f00000] [id=10632]
  0x000001817818a370 GCTaskThread "GC Thread#1" [stack: 0x000000667b400000,0x000000667b500000] [id=29492]
  0x00000181781896b0 GCTaskThread "GC Thread#2" [stack: 0x000000667b500000,0x000000667b600000] [id=31564]
  0x000001817818a6a0 GCTaskThread "GC Thread#3" [stack: 0x000000667b600000,0x000000667b700000] [id=29112]
  0x000001815b54eda0 ConcurrentGCThread "G1 Main Marker" [stack: 0x0000006679f00000,0x000000667a000000] [id=16004]
  0x000001815b550040 ConcurrentGCThread "G1 Conc#0" [stack: 0x000000667a000000,0x000000667a100000] [id=22360]
  0x0000018178189380 ConcurrentGCThread "G1 Conc#1" [stack: 0x000000667b700000,0x000000667b800000] [id=22192]
  0x0000018177480090 ConcurrentGCThread "G1 Refine#0" [stack: 0x000000667a100000,0x000000667a200000] [id=24684]
  0x0000018177480ba0 ConcurrentGCThread "G1 Young RemSet Sampling" [stack: 0x000000667a200000,0x000000667a300000] [id=21036]

Threads with active compile tasks:

VM state: not at safepoint (normal execution)

VM Mutex/Monitor currently owned by a thread: None

Heap address: 0x0000000083800000, size: 1992 MB, Compressed Oops mode: 32-bit
CDS disabled.
Compressed class space mapped at: 0x0000000100000000-0x0000000140000000, size: 1073741824
Narrow klass base: 0x0000000000000000, Narrow klass shift: 3, Narrow klass range: 0x140000000

GC Precious Log:
 CPUs: 8 total, 8 available
 Memory: 7963M
 Large Page Support: Disabled
 NUMA Support: Disabled
 Compressed Oops: Enabled (32-bit)
 Heap Region Size: 1M
 Heap Min Capacity: 8M
 Heap Initial Capacity: 126M
 Heap Max Capacity: 1992M
 Pre-touch: Disabled
 Parallel Workers: 8
 Concurrent Workers: 2
 Concurrent Refinement Workers: 8
 Periodic GC: Disabled

Heap:
 garbage-first heap   total 79872K, used 20427K [0x0000000083800000, 0x0000000100000000)
  region size 1024K, 14 young (14336K), 2 survivors (2048K)
 Metaspace       used 27831K, capacity 28093K, committed 28336K, reserved 1075200K
  class space    used 2969K, capacity 3062K, committed 3072K, reserved 1048576K

Heap Regions: E=young(eden), S=young(survivor), O=old, HS=humongous(starts), HC=humongous(continues), CS=collection set, F=free, OA=open archive, CA=closed archive, TAMS=top-at-mark-start (previous, next)
|   0|0x0000000083800000, 0x0000000083900000, 0x0000000083900000|100%| O|  |TAMS 0x0000000083900000, 0x0000000083800000| Untracked 
|   1|0x0000000083900000, 0x0000000083a00000, 0x0000000083a00000|100%| O|  |TAMS 0x0000000083a00000, 0x0000000083900000| Untracked 
|   2|0x0000000083a00000, 0x0000000083b00000, 0x0000000083b00000|100%| O|  |TAMS 0x0000000083b00000, 0x0000000083a00000| Untracked 
|   3|0x0000000083b00000, 0x0000000083c00000, 0x0000000083c00000|100%| O|  |TAMS 0x0000000083c00000, 0x0000000083b00000| Untracked 
|   4|0x0000000083c00000, 0x0000000083c26800, 0x0000000083d00000| 15%| O|  |TAMS 0x0000000083c26800, 0x0000000083c00000| Untracked 
|   5|0x0000000083d00000, 0x0000000083e00000, 0x0000000083e00000|100%| O|  |TAMS 0x0000000083d00000, 0x0000000083d00000| Untracked 
|   6|0x0000000083e00000, 0x0000000083f00000, 0x0000000083f00000|100%| O|  |TAMS 0x0000000083e00000, 0x0000000083e00000| Untracked 
|   7|0x0000000083f00000, 0x0000000084000000, 0x0000000084000000|100%| O|  |TAMS 0x0000000083f00000, 0x0000000083f00000| Untracked 
|   8|0x0000000084000000, 0x0000000084069a00, 0x0000000084100000| 41%| O|  |TAMS 0x0000000084000000, 0x0000000084000000| Untracked 
|   9|0x0000000084100000, 0x0000000084100000, 0x0000000084200000|  0%| F|  |TAMS 0x0000000084100000, 0x0000000084100000| Untracked 
|  10|0x0000000084200000, 0x0000000084200000, 0x0000000084300000|  0%| F|  |TAMS 0x0000000084200000, 0x0000000084200000| Untracked 
|  11|0x0000000084300000, 0x0000000084300000, 0x0000000084400000|  0%| F|  |TAMS 0x0000000084300000, 0x0000000084300000| Untracked 
|  12|0x0000000084400000, 0x0000000084462c58, 0x0000000084500000| 38%| S|CS|TAMS 0x0000000084400000, 0x0000000084400000| Complete 
|  13|0x0000000084500000, 0x0000000084600000, 0x0000000084600000|100%| S|CS|TAMS 0x0000000084500000, 0x0000000084500000| Complete 
|  14|0x0000000084600000, 0x0000000084600000, 0x0000000084700000|  0%| F|  |TAMS 0x0000000084600000, 0x0000000084600000| Untracked 
|  15|0x0000000084700000, 0x0000000084700000, 0x0000000084800000|  0%| F|  |TAMS 0x0000000084700000, 0x0000000084700000| Untracked 
|  16|0x0000000084800000, 0x0000000084800000, 0x0000000084900000|  0%| F|  |TAMS 0x0000000084800000, 0x0000000084800000| Untracked 
|  17|0x0000000084900000, 0x0000000084900000, 0x0000000084a00000|  0%| F|  |TAMS 0x0000000084900000, 0x0000000084900000| Untracked 
|  18|0x0000000084a00000, 0x0000000084a00000, 0x0000000084b00000|  0%| F|  |TAMS 0x0000000084a00000, 0x0000000084a00000| Untracked 
|  19|0x0000000084b00000, 0x0000000084b00000, 0x0000000084c00000|  0%| F|  |TAMS 0x0000000084b00000, 0x0000000084b00000| Untracked 
|  20|0x0000000084c00000, 0x0000000084c00000, 0x0000000084d00000|  0%| F|  |TAMS 0x0000000084c00000, 0x0000000084c00000| Untracked 
|  21|0x0000000084d00000, 0x0000000084d00000, 0x0000000084e00000|  0%| F|  |TAMS 0x0000000084d00000, 0x0000000084d00000| Untracked 
|  22|0x0000000084e00000, 0x0000000084e00000, 0x0000000084f00000|  0%| F|  |TAMS 0x0000000084e00000, 0x0000000084e00000| Untracked 
|  23|0x0000000084f00000, 0x0000000084f00000, 0x0000000085000000|  0%| F|  |TAMS 0x0000000084f00000, 0x0000000084f00000| Untracked 
|  24|0x0000000085000000, 0x0000000085000000, 0x0000000085100000|  0%| F|  |TAMS 0x0000000085000000, 0x0000000085000000| Untracked 
|  25|0x0000000085100000, 0x0000000085100000, 0x0000000085200000|  0%| F|  |TAMS 0x0000000085100000, 0x0000000085100000| Untracked 
|  26|0x0000000085200000, 0x0000000085200000, 0x0000000085300000|  0%| F|  |TAMS 0x0000000085200000, 0x0000000085200000| Untracked 
|  27|0x0000000085300000, 0x0000000085300000, 0x0000000085400000|  0%| F|  |TAMS 0x0000000085300000, 0x0000000085300000| Untracked 
|  28|0x0000000085400000, 0x0000000085400000, 0x0000000085500000|  0%| F|  |TAMS 0x0000000085400000, 0x0000000085400000| Untracked 
|  29|0x0000000085500000, 0x0000000085500000, 0x0000000085600000|  0%| F|  |TAMS 0x0000000085500000, 0x0000000085500000| Untracked 
|  30|0x0000000085600000, 0x0000000085600000, 0x0000000085700000|  0%| F|  |TAMS 0x0000000085600000, 0x0000000085600000| Untracked 
|  31|0x0000000085700000, 0x0000000085700000, 0x0000000085800000|  0%| F|  |TAMS 0x0000000085700000, 0x0000000085700000| Untracked 
|  32|0x0000000085800000, 0x0000000085800000, 0x0000000085900000|  0%| F|  |TAMS 0x0000000085800000, 0x0000000085800000| Untracked 
|  33|0x0000000085900000, 0x0000000085900000, 0x0000000085a00000|  0%| F|  |TAMS 0x0000000085900000, 0x0000000085900000| Untracked 
|  34|0x0000000085a00000, 0x0000000085a00000, 0x0000000085b00000|  0%| F|  |TAMS 0x0000000085a00000, 0x0000000085a00000| Untracked 
|  35|0x0000000085b00000, 0x0000000085b00000, 0x0000000085c00000|  0%| F|  |TAMS 0x0000000085b00000, 0x0000000085b00000| Untracked 
|  36|0x0000000085c00000, 0x0000000085c00000, 0x0000000085d00000|  0%| F|  |TAMS 0x0000000085c00000, 0x0000000085c00000| Untracked 
|  37|0x0000000085d00000, 0x0000000085d00000, 0x0000000085e00000|  0%| F|  |TAMS 0x0000000085d00000, 0x0000000085d00000| Untracked 
|  38|0x0000000085e00000, 0x0000000085e00000, 0x0000000085f00000|  0%| F|  |TAMS 0x0000000085e00000, 0x0000000085e00000| Untracked 
|  39|0x0000000085f00000, 0x0000000085f00000, 0x0000000086000000|  0%| F|  |TAMS 0x0000000085f00000, 0x0000000085f00000| Untracked 
|  40|0x0000000086000000, 0x0000000086000000, 0x0000000086100000|  0%| F|  |TAMS 0x0000000086000000, 0x0000000086000000| Untracked 
|  41|0x0000000086100000, 0x0000000086100000, 0x0000000086200000|  0%| F|  |TAMS 0x0000000086100000, 0x0000000086100000| Untracked 
|  42|0x0000000086200000, 0x0000000086200000, 0x0000000086300000|  0%| F|  |TAMS 0x0000000086200000, 0x0000000086200000| Untracked 
|  43|0x0000000086300000, 0x0000000086300000, 0x0000000086400000|  0%| F|  |TAMS 0x0000000086300000, 0x0000000086300000| Untracked 
|  44|0x0000000086400000, 0x0000000086400000, 0x0000000086500000|  0%| F|  |TAMS 0x0000000086400000, 0x0000000086400000| Untracked 
|  45|0x0000000086500000, 0x0000000086500000, 0x0000000086600000|  0%| F|  |TAMS 0x0000000086500000, 0x0000000086500000| Untracked 
|  46|0x0000000086600000, 0x0000000086600000, 0x0000000086700000|  0%| F|  |TAMS 0x0000000086600000, 0x0000000086600000| Untracked 
|  47|0x0000000086700000, 0x0000000086700000, 0x0000000086800000|  0%| F|  |TAMS 0x0000000086700000, 0x0000000086700000| Untracked 
|  48|0x0000000086800000, 0x0000000086800000, 0x0000000086900000|  0%| F|  |TAMS 0x0000000086800000, 0x0000000086800000| Untracked 
|  49|0x0000000086900000, 0x0000000086900000, 0x0000000086a00000|  0%| F|  |TAMS 0x0000000086900000, 0x0000000086900000| Untracked 
|  50|0x0000000086a00000, 0x0000000086a00000, 0x0000000086b00000|  0%| F|  |TAMS 0x0000000086a00000, 0x0000000086a00000| Untracked 
|  51|0x0000000086b00000, 0x0000000086b00000, 0x0000000086c00000|  0%| F|  |TAMS 0x0000000086b00000, 0x0000000086b00000| Untracked 
|  52|0x0000000086c00000, 0x0000000086c00000, 0x0000000086d00000|  0%| F|  |TAMS 0x0000000086c00000, 0x0000000086c00000| Untracked 
|  53|0x0000000086d00000, 0x0000000086d00000, 0x0000000086e00000|  0%| F|  |TAMS 0x0000000086d00000, 0x0000000086d00000| Untracked 
|  54|0x0000000086e00000, 0x0000000086e00000, 0x0000000086f00000|  0%| F|  |TAMS 0x0000000086e00000, 0x0000000086e00000| Untracked 
|  55|0x0000000086f00000, 0x0000000086f00000, 0x0000000087000000|  0%| F|  |TAMS 0x0000000086f00000, 0x0000000086f00000| Untracked 
|  56|0x0000000087000000, 0x0000000087000000, 0x0000000087100000|  0%| F|  |TAMS 0x0000000087000000, 0x0000000087000000| Untracked 
|  57|0x0000000087100000, 0x0000000087100000, 0x0000000087200000|  0%| F|  |TAMS 0x0000000087100000, 0x0000000087100000| Untracked 
|  58|0x0000000087200000, 0x0000000087200000, 0x0000000087300000|  0%| F|  |TAMS 0x0000000087200000, 0x0000000087200000| Untracked 
|  59|0x0000000087300000, 0x0000000087300000, 0x0000000087400000|  0%| F|  |TAMS 0x0000000087300000, 0x0000000087300000| Untracked 
|  60|0x0000000087400000, 0x0000000087400000, 0x0000000087500000|  0%| F|  |TAMS 0x0000000087400000, 0x0000000087400000| Untracked 
|  61|0x0000000087500000, 0x0000000087500000, 0x0000000087600000|  0%| F|  |TAMS 0x0000000087500000, 0x0000000087500000| Untracked 
|  62|0x0000000087600000, 0x0000000087600000, 0x0000000087700000|  0%| F|  |TAMS 0x0000000087600000, 0x0000000087600000| Untracked 
|  63|0x0000000087700000, 0x0000000087700000, 0x0000000087800000|  0%| F|  |TAMS 0x0000000087700000, 0x0000000087700000| Untracked 
|  64|0x0000000087800000, 0x0000000087800000, 0x0000000087900000|  0%| F|  |TAMS 0x0000000087800000, 0x0000000087800000| Untracked 
|  65|0x0000000087900000, 0x0000000087900000, 0x0000000087a00000|  0%| F|  |TAMS 0x0000000087900000, 0x0000000087900000| Untracked 
|  66|0x0000000087a00000, 0x0000000087af1250, 0x0000000087b00000| 94%| E|  |TAMS 0x0000000087a00000, 0x0000000087a00000| Complete 
|  67|0x0000000087b00000, 0x0000000087c00000, 0x0000000087c00000|100%| E|CS|TAMS 0x0000000087b00000, 0x0000000087b00000| Complete 
|  68|0x0000000087c00000, 0x0000000087d00000, 0x0000000087d00000|100%| E|CS|TAMS 0x0000000087c00000, 0x0000000087c00000| Complete 
|  69|0x0000000087d00000, 0x0000000087e00000, 0x0000000087e00000|100%| E|CS|TAMS 0x0000000087d00000, 0x0000000087d00000| Complete 
|  70|0x0000000087e00000, 0x0000000087f00000, 0x0000000087f00000|100%| E|CS|TAMS 0x0000000087e00000, 0x0000000087e00000| Complete 
|  71|0x0000000087f00000, 0x0000000088000000, 0x0000000088000000|100%| E|CS|TAMS 0x0000000087f00000, 0x0000000087f00000| Complete 
|  72|0x0000000088000000, 0x0000000088100000, 0x0000000088100000|100%| E|CS|TAMS 0x0000000088000000, 0x0000000088000000| Complete 
|  73|0x0000000088100000, 0x0000000088200000, 0x0000000088200000|100%| E|CS|TAMS 0x0000000088100000, 0x0000000088100000| Complete 
|  81|0x0000000088900000, 0x0000000088a00000, 0x0000000088a00000|100%| E|CS|TAMS 0x0000000088900000, 0x0000000088900000| Complete 
|  82|0x0000000088a00000, 0x0000000088b00000, 0x0000000088b00000|100%| E|CS|TAMS 0x0000000088a00000, 0x0000000088a00000| Complete 
|  83|0x0000000088b00000, 0x0000000088c00000, 0x0000000088c00000|100%| E|CS|TAMS 0x0000000088b00000, 0x0000000088b00000| Complete 
| 125|0x000000008b500000, 0x000000008b600000, 0x000000008b600000|100%| E|CS|TAMS 0x000000008b500000, 0x000000008b500000| Complete 

Card table byte_map: [0x0000018170540000,0x0000018170930000] _byte_map_base: 0x0000018170124000

Marking Bits (Prev, Next): (CMBitMap*) 0x000001815b53db70, (CMBitMap*) 0x000001815b53db30
 Prev Bits: [0x0000018172c40000, 0x0000018174b60000)
 Next Bits: [0x0000018170d20000, 0x0000018172c40000)

Polling page: 0x000001815b5d0000

Metaspace:

Usage:
  Non-class:     24.44 MB capacity,    24.28 MB (>99%) used,   135.72 KB ( <1%) free+waste,    32.94 KB ( <1%) overhead. 
      Class:      2.99 MB capacity,     2.90 MB ( 97%) used,    81.20 KB (  3%) free+waste,    11.69 KB ( <1%) overhead. 
       Both:     27.43 MB capacity,    27.18 MB (>99%) used,   216.91 KB ( <1%) free+waste,    44.62 KB ( <1%) overhead. 

Virtual space:
  Non-class space:       26.00 MB reserved,      24.67 MB ( 95%) committed 
      Class space:        1.00 GB reserved,       3.00 MB ( <1%) committed 
             Both:        1.03 GB reserved,      27.67 MB (  3%) committed 

Chunk freelists:
   Non-Class:  41.00 KB
       Class:  10.00 KB
        Both:  51.00 KB

MaxMetaspaceSize: 17179869184.00 GB
CompressedClassSpaceSize: 1.00 GB

CodeHeap 'non-profiled nmethods': size=120000Kb used=1465Kb max_used=1465Kb free=118534Kb
 bounds [0x00000181681c0000, 0x0000018168430000, 0x000001816f6f0000]
CodeHeap 'profiled nmethods': size=120000Kb used=4873Kb max_used=4873Kb free=115126Kb
 bounds [0x0000018160c90000, 0x0000018161160000, 0x00000181681c0000]
CodeHeap 'non-nmethods': size=5760Kb used=1320Kb max_used=1394Kb free=4439Kb
 bounds [0x00000181606f0000, 0x0000018160960000, 0x0000018160c90000]
 total_blobs=3055 nmethods=2543 adapters=424
 compilation: enabled
              stopped_count=0, restarted_count=0
 full_count=0

Compilation events (20 events):
Event: 20.338 Thread 0x000001817766e520 nmethod 2536 0x000001816114da90 code [0x000001816114dc80, 0x000001816114e158]
Event: 20.338 Thread 0x000001817766e520 2539       3       com.google.common.collect.AbstractMapBasedMultimap$$Lambda$448/0x00000001002c5090::apply (8 bytes)
Event: 20.339 Thread 0x000001817766e520 nmethod 2539 0x000001816114e310 code [0x000001816114e5c0, 0x000001816114f5b8]
Event: 20.339 Thread 0x000001817766e520 2540       3       com.google.common.collect.AbstractMapBasedMultimap::lambda$entrySpliterator$1 (33 bytes)
Event: 20.340 Thread 0x000001817766e520 nmethod 2540 0x000001816114fb10 code [0x000001816114fdc0, 0x0000018161150bd8]
Event: 20.340 Thread 0x000001817766e520 2541       3       com.google.common.collect.AbstractMapBasedMultimap$$Lambda$453/0x00000001002c6060::<init> (10 bytes)
Event: 20.340 Thread 0x000001817766e520 nmethod 2541 0x0000018161151110 code [0x00000181611512a0, 0x0000018161151458]
Event: 20.340 Thread 0x000001817766e520 2542       3       com.google.common.collect.CollectSpliterators::map (20 bytes)
Event: 20.340 Thread 0x000001817766e520 nmethod 2542 0x0000018161151510 code [0x0000018161151700, 0x0000018161151c78]
Event: 20.340 Thread 0x000001817766e520 2537       3       java.util.regex.Matcher::find (35 bytes)
Event: 20.341 Thread 0x000001817766e520 nmethod 2537 0x0000018161151e90 code [0x0000018161152080, 0x0000018161152478]
Event: 20.341 Thread 0x000001817766e520 2543       1       com.google.common.collect.SingletonImmutableList::size (2 bytes)
Event: 20.341 Thread 0x000001817766e520 nmethod 2543 0x0000018168329690 code [0x0000018168329820, 0x00000181683298d8]
Event: 20.365 Thread 0x0000018177665fd0 nmethod 2538 0x0000018168329990 code [0x0000018168329ba0, 0x000001816832ab18]
Event: 20.365 Thread 0x0000018177665fd0 2545       4       org.eclipse.jdt.launching.internal.org.objectweb.asm.MethodWriter::computeMethodInfoSize (571 bytes)
Event: 20.376 Thread 0x0000018177665fd0 nmethod 2545 0x000001816832b390 code [0x000001816832b640, 0x000001816832c0b8]
Event: 20.376 Thread 0x0000018177665fd0 2544   !   4       java.util.WeakHashMap::expungeStaleEntries (139 bytes)
Event: 20.391 Thread 0x0000018177665fd0 nmethod 2544 0x000001816832c810 code [0x000001816832c9e0, 0x000001816832de78]
Event: 62.339 Thread 0x000001817766e520 2546       1       java.util.concurrent.locks.AbstractOwnableSynchronizer::setExclusiveOwnerThread (6 bytes)
Event: 62.339 Thread 0x000001817766e520 nmethod 2546 0x000001816832e310 code [0x000001816832e4a0, 0x000001816832e598]

GC Heap History (12 events):
Event: 0.967 GC heap before
{Heap before GC invocations=0 (full 0):
 garbage-first heap   total 129024K, used 22528K [0x0000000083800000, 0x0000000100000000)
  region size 1024K, 23 young (23552K), 0 survivors (0K)
 Metaspace       used 12941K, capacity 13111K, committed 13312K, reserved 1060864K
  class space    used 1217K, capacity 1256K, committed 1280K, reserved 1048576K
}
Event: 0.973 GC heap after
{Heap after GC invocations=1 (full 0):
 garbage-first heap   total 129024K, used 4208K [0x0000000083800000, 0x0000000100000000)
  region size 1024K, 3 young (3072K), 3 survivors (3072K)
 Metaspace       used 12941K, capacity 13111K, committed 13312K, reserved 1060864K
  class space    used 1217K, capacity 1256K, committed 1280K, reserved 1048576K
}
Event: 1.389 GC heap before
{Heap before GC invocations=1 (full 0):
 garbage-first heap   total 129024K, used 34928K [0x0000000083800000, 0x0000000100000000)
  region size 1024K, 33 young (33792K), 3 survivors (3072K)
 Metaspace       used 17059K, capacity 17218K, committed 17280K, reserved 1064960K
  class space    used 1601K, capacity 1663K, committed 1664K, reserved 1048576K
}
Event: 1.394 GC heap after
{Heap after GC invocations=2 (full 0):
 garbage-first heap   total 129024K, used 5932K [0x0000000083800000, 0x0000000100000000)
  region size 1024K, 2 young (2048K), 2 survivors (2048K)
 Metaspace       used 17059K, capacity 17218K, committed 17280K, reserved 1064960K
  class space    used 1601K, capacity 1663K, committed 1664K, reserved 1048576K
}
Event: 1.888 GC heap before
{Heap before GC invocations=2 (full 0):
 garbage-first heap   total 129024K, used 45868K [0x0000000083800000, 0x0000000100000000)
  region size 1024K, 42 young (43008K), 2 survivors (2048K)
 Metaspace       used 20930K, capacity 21157K, committed 21296K, reserved 1069056K
  class space    used 2118K, capacity 2163K, committed 2176K, reserved 1048576K
}
Event: 1.891 GC heap after
{Heap after GC invocations=3 (full 0):
 garbage-first heap   total 129024K, used 6646K [0x0000000083800000, 0x0000000100000000)
  region size 1024K, 3 young (3072K), 3 survivors (3072K)
 Metaspace       used 20930K, capacity 21157K, committed 21296K, reserved 1069056K
  class space    used 2118K, capacity 2163K, committed 2176K, reserved 1048576K
}
Event: 2.057 GC heap before
{Heap before GC invocations=4 (full 0):
 garbage-first heap   total 30720K, used 22006K [0x0000000083800000, 0x0000000100000000)
  region size 1024K, 18 young (18432K), 3 survivors (3072K)
 Metaspace       used 22458K, capacity 22759K, committed 23088K, reserved 1071104K
  class space    used 2311K, capacity 2396K, committed 2432K, reserved 1048576K
}
Event: 2.062 GC heap after
{Heap after GC invocations=5 (full 0):
 garbage-first heap   total 30720K, used 7816K [0x0000000083800000, 0x0000000100000000)
  region size 1024K, 3 young (3072K), 3 survivors (3072K)
 Metaspace       used 22458K, capacity 22759K, committed 23088K, reserved 1071104K
  class space    used 2311K, capacity 2396K, committed 2432K, reserved 1048576K
}
Event: 2.296 GC heap before
{Heap before GC invocations=5 (full 0):
 garbage-first heap   total 30720K, used 22152K [0x0000000083800000, 0x0000000100000000)
  region size 1024K, 17 young (17408K), 3 survivors (3072K)
 Metaspace       used 24430K, capacity 24704K, committed 24880K, reserved 1071104K
  class space    used 2573K, capacity 2659K, committed 2688K, reserved 1048576K
}
Event: 2.301 GC heap after
{Heap after GC invocations=6 (full 0):
 garbage-first heap   total 30720K, used 8507K [0x0000000083800000, 0x0000000100000000)
  region size 1024K, 2 young (2048K), 2 survivors (2048K)
 Metaspace       used 24430K, capacity 24704K, committed 24880K, reserved 1071104K
  class space    used 2573K, capacity 2659K, committed 2688K, reserved 1048576K
}
Event: 2.453 GC heap before
{Heap before GC invocations=6 (full 0):
 garbage-first heap   total 30720K, used 21819K [0x0000000083800000, 0x0000000100000000)
  region size 1024K, 16 young (16384K), 2 survivors (2048K)
 Metaspace       used 26009K, capacity 26215K, committed 26416K, reserved 1073152K
  class space    used 2784K, capacity 2885K, committed 2944K, reserved 1048576K
}
Event: 2.456 GC heap after
{Heap after GC invocations=7 (full 0):
 garbage-first heap   total 79872K, used 9163K [0x0000000083800000, 0x0000000100000000)
  region size 1024K, 2 young (2048K), 2 survivors (2048K)
 Metaspace       used 26009K, capacity 26215K, committed 26416K, reserved 1073152K
  class space    used 2784K, capacity 2885K, committed 2944K, reserved 1048576K
}

Deoptimization events (20 events):
Event: 2.327 Thread 0x000001815b4fcd90 DEOPT PACKING pc=0x000001816826d894 sp=0x0000006679dfb330
Event: 2.327 Thread 0x000001815b4fcd90 DEOPT UNPACKING pc=0x000001816073e42f sp=0x0000006679dfb290 mode 2
Event: 11.679 Thread 0x000001815b4fcd90 Uncommon trap: trap_request=0xffffffde fr.pc=0x00000181682cea7c relative=0x00000000000007fc
Event: 11.679 Thread 0x000001815b4fcd90 Uncommon trap: reason=class_check action=maybe_recompile pc=0x00000181682cea7c method=org.openqa.selenium.json.Input.init()V @ 18 c2
Event: 11.679 Thread 0x000001815b4fcd90 DEOPT PACKING pc=0x00000181682cea7c sp=0x0000006679dfbe90
Event: 11.679 Thread 0x000001815b4fcd90 DEOPT UNPACKING pc=0x000001816073e42f sp=0x0000006679dfbe98 mode 2
Event: 11.679 Thread 0x000001815b4fcd90 Uncommon trap: trap_request=0xffffffde fr.pc=0x00000181682cea7c relative=0x00000000000007fc
Event: 11.679 Thread 0x000001815b4fcd90 Uncommon trap: reason=class_check action=maybe_recompile pc=0x00000181682cea7c method=org.openqa.selenium.json.Input.init()V @ 18 c2
Event: 11.679 Thread 0x000001815b4fcd90 DEOPT PACKING pc=0x00000181682cea7c sp=0x0000006679dfb9f0
Event: 11.679 Thread 0x000001815b4fcd90 DEOPT UNPACKING pc=0x000001816073e42f sp=0x0000006679dfb9f8 mode 2
Event: 11.679 Thread 0x000001815b4fcd90 Uncommon trap: trap_request=0xffffffde fr.pc=0x00000181682cea7c relative=0x00000000000007fc
Event: 11.679 Thread 0x000001815b4fcd90 Uncommon trap: reason=class_check action=maybe_recompile pc=0x00000181682cea7c method=org.openqa.selenium.json.Input.init()V @ 18 c2
Event: 11.679 Thread 0x000001815b4fcd90 DEOPT PACKING pc=0x00000181682cea7c sp=0x0000006679dfb3e0
Event: 11.679 Thread 0x000001815b4fcd90 DEOPT UNPACKING pc=0x000001816073e42f sp=0x0000006679dfb3e8 mode 2
Event: 11.679 Thread 0x000001815b4fcd90 Uncommon trap: trap_request=0xffffffde fr.pc=0x00000181682cea7c relative=0x00000000000007fc
Event: 11.679 Thread 0x000001815b4fcd90 Uncommon trap: reason=class_check action=maybe_recompile pc=0x00000181682cea7c method=org.openqa.selenium.json.Input.init()V @ 18 c2
Event: 11.679 Thread 0x000001815b4fcd90 DEOPT PACKING pc=0x00000181682cea7c sp=0x0000006679dfb3e0
Event: 11.680 Thread 0x000001815b4fcd90 DEOPT UNPACKING pc=0x000001816073e42f sp=0x0000006679dfb3e8 mode 2
Event: 11.726 Thread 0x000001815b4fcd90 DEOPT PACKING pc=0x0000018160fab924 sp=0x0000006679dfbf70
Event: 11.726 Thread 0x000001815b4fcd90 DEOPT UNPACKING pc=0x000001816073e23f sp=0x0000006679dfb460 mode 1

Classes unloaded (0 events):
No events

Classes redefined (2 events):
Event: 183.706 Thread 0x0000018177e7b000 redefined class name=StepDefinitions.awesomeAppAwt, count=1
Event: 304.967 Thread 0x0000018177e7b000 redefined class name=StepDefinitions.awesomeAppAwt, count=2

Internal exceptions (20 events):
Event: 1.823 Thread 0x000001815b4fcd90 Exception <a 'java/lang/NoSuchMethodError'{0x0000000088f7e9b8}: 'java.lang.Object java.lang.invoke.DirectMethodHandle$Holder.invokeSpecial(java.lang.Object, java.lang.Object, java.lang.Object, int, java.lang.Object)'> (0x0000000088f7e9b8) 
thrown [./open/src/hotspot/share/interpreter/linkResolver.cpp, line 782]
Event: 1.824 Thread 0x000001815b4fcd90 Exception <a 'java/lang/NoSuchMethodError'{0x0000000088f86988}: 'java.lang.Object java.lang.invoke.DirectMethodHandle$Holder.newInvokeSpecial(java.lang.Object, java.lang.Object, java.lang.Object, int)'> (0x0000000088f86988) 
thrown [./open/src/hotspot/share/interpreter/linkResolver.cpp, line 782]
Event: 1.825 Thread 0x000001815b4fcd90 Exception <a 'java/lang/NoSuchMethodError'{0x0000000088f8ac90}: 'java.lang.Object java.lang.invoke.DirectMethodHandle$Holder.invokeSpecial(java.lang.Object, java.lang.Object, java.lang.Object, java.lang.Object, int)'> (0x0000000088f8ac90) 
thrown [./open/src/hotspot/share/interpreter/linkResolver.cpp, line 782]
Event: 1.825 Thread 0x000001815b4fcd90 Exception <a 'java/lang/NoSuchMethodError'{0x0000000088f8ea50}: 'java.lang.Object java.lang.invoke.Invokers$Holder.linkToTargetMethod(java.lang.Object, java.lang.Object, int, java.lang.Object)'> (0x0000000088f8ea50) 
thrown [./open/src/hotspot/share/interpreter/linkResolver.cpp, line 782]
Event: 2.078 Thread 0x000001815b4fcd90 Exception <a 'sun/nio/fs/WindowsException'{0x000000008b5de8e0}> (0x000000008b5de8e0) 
thrown [./open/src/hotspot/share/prims/jni.cpp, line 578]
Event: 2.088 Thread 0x000001815b4fcd90 Exception <a 'java/lang/NoSuchMethodError'{0x0000000088b1f4f8}: 'int java.lang.invoke.DirectMethodHandle$Holder.invokeStaticInit(java.lang.Object, java.lang.Object, java.lang.Object, java.lang.Object)'> (0x0000000088b1f4f8) 
thrown [./open/src/hotspot/share/interpreter/linkResolver.cpp, line 782]
Event: 2.177 Thread 0x000001815b4fcd90 Exception <a 'java/lang/NoSuchMethodError'{0x0000000084f6fc30}: 'java.lang.Object java.lang.invoke.DirectMethodHandle$Holder.invokeStaticInit(java.lang.Object, java.lang.Object, java.lang.Object)'> (0x0000000084f6fc30) 
thrown [./open/src/hotspot/share/interpreter/linkResolver.cpp, line 782]
Event: 2.194 Thread 0x000001815b4fcd90 Exception <a 'java/lang/NoSuchMethodError'{0x0000000084ed3800}: 'double java.lang.invoke.DirectMethodHandle$Holder.invokeVirtual(java.lang.Object, java.lang.Object)'> (0x0000000084ed3800) 
thrown [./open/src/hotspot/share/interpreter/linkResolver.cpp, line 782]
Event: 2.195 Thread 0x000001815b4fcd90 Exception <a 'java/lang/NoSuchMethodError'{0x0000000084eda638}: 'float java.lang.invoke.DirectMethodHandle$Holder.invokeVirtual(java.lang.Object, java.lang.Object)'> (0x0000000084eda638) 
thrown [./open/src/hotspot/share/interpreter/linkResolver.cpp, line 782]
Event: 2.196 Thread 0x000001815b4fcd90 Exception <a 'java/lang/NoSuchMethodError'{0x0000000084ee3e88}: 'long java.lang.invoke.DirectMethodHandle$Holder.invokeVirtual(java.lang.Object, java.lang.Object)'> (0x0000000084ee3e88) 
thrown [./open/src/hotspot/share/interpreter/linkResolver.cpp, line 782]
Event: 2.202 Thread 0x000001815b4fcd90 Exception <a 'java/lang/NoSuchMethodError'{0x0000000084d49390}: 'java.lang.Object java.lang.invoke.DirectMethodHandle$Holder.invokeVirtual(java.lang.Object, java.lang.Object, java.lang.Object)'> (0x0000000084d49390) 
thrown [./open/src/hotspot/share/interpreter/linkResolver.cpp, line 782]
Event: 2.318 Thread 0x000001815b4fcd90 Exception <a 'java/lang/NoSuchMethodError'{0x0000000088b302c0}: 'void java.lang.invoke.DirectMethodHandle$Holder.invokeInterface(java.lang.Object, java.lang.Object, java.lang.Object)'> (0x0000000088b302c0) 
thrown [./open/src/hotspot/share/interpreter/linkResolver.cpp, line 782]
Event: 2.319 Thread 0x000001817b3186e0 Exception <a 'java/lang/NoSuchMethodError'{0x0000000088b550c8}: 'void java.lang.invoke.DirectMethodHandle$Holder.invokeInterface(java.lang.Object, java.lang.Object, java.lang.Object)'> (0x0000000088b550c8) 
thrown [./open/src/hotspot/share/interpreter/linkResolver.cpp, line 782]
Event: 11.686 Thread 0x000001815b4fcd90 Exception <a 'java/lang/NoSuchMethodError'{0x0000000088ab1720}: 'java.lang.Object java.lang.invoke.DirectMethodHandle$Holder.invokeSpecialIFC(java.lang.Object, java.lang.Object, java.lang.Object)'> (0x0000000088ab1720) 
thrown [./open/src/hotspot/share/interpreter/linkResolver.cpp, line 782]
Event: 11.712 Thread 0x000001815b4fcd90 Exception <a 'java/lang/NoSuchMethodError'{0x000000008899c098}: 'java.lang.Object java.lang.invoke.DirectMethodHandle$Holder.invokeStatic(java.lang.Object, int, java.lang.Object)'> (0x000000008899c098) 
thrown [./open/src/hotspot/share/interpreter/linkResolver.cpp, line 782]
Event: 11.726 Thread 0x000001815b4fcd90 Exception <a 'java/lang/ClassNotFoundException'{0x00000000889efd28}: sun/util/logging/resources/spi/loggingProvider> (0x00000000889efd28) 
thrown [./open/src/hotspot/share/classfile/systemDictionary.cpp, line 295]
Event: 11.743 Thread 0x000001815b4fcd90 Exception <a 'java/lang/NoSuchMethodError'{0x000000008801a710}: 'void java.lang.invoke.DirectMethodHandle$Holder.invokeVirtual(java.lang.Object, java.lang.Object, java.lang.Object, java.lang.Object)'> (0x000000008801a710) 
thrown [./open/src/hotspot/share/interpreter/linkResolver.cpp, line 782]
Event: 11.745 Thread 0x000001815b4fcd90 Exception <a 'java/lang/NoSuchMethodError'{0x00000000880276f0}: 'void java.lang.invoke.Invokers$Holder.invokeExact_MT(java.lang.Object, java.lang.Object, java.lang.Object)'> (0x00000000880276f0) 
thrown [./open/src/hotspot/share/interpreter/linkResolver.cpp, line 782]
Event: 11.745 Thread 0x000001815b4fcd90 Exception <a 'java/lang/NoSuchMethodError'{0x000000008802bb40}: 'void java.lang.invoke.Invokers$Holder.invokeExact_MT(java.lang.Object, java.lang.Object, java.lang.Object, java.lang.Object, java.lang.Object)'> (0x000000008802bb40) 
thrown [./open/src/hotspot/share/interpreter/linkResolver.cpp, line 782]
Event: 13.910 Thread 0x000001815b4fcd90 Exception <a 'java/lang/NoSuchMethodError'{0x0000000087ee77c8}: 'int java.lang.invoke.DirectMethodHandle$Holder.invokeStatic(java.lang.Object, java.lang.Object, int)'> (0x0000000087ee77c8) 
thrown [./open/src/hotspot/share/interpreter/linkResolver.cpp, line 782]

Events (20 events):
Event: 305.018 Executing VM operation: ChangeBreakpoints
Event: 305.019 Executing VM operation: ChangeBreakpoints done
Event: 305.019 Executing VM operation: ChangeBreakpoints
Event: 305.020 Executing VM operation: ChangeBreakpoints done
Event: 305.022 Executing VM operation: GetFrameCount
Event: 305.022 Executing VM operation: GetFrameCount done
Event: 305.022 Executing VM operation: GetStackTrace
Event: 305.023 Executing VM operation: GetStackTrace done
Event: 305.024 Executing VM operation: GetFrameCount
Event: 305.024 Executing VM operation: GetFrameCount done
Event: 305.024 Executing VM operation: SetFramePop
Event: 305.024 Executing VM operation: SetFramePop done
Event: 305.024 Executing VM operation: GetFrameLocation
Event: 305.024 Executing VM operation: GetFrameLocation done
Event: 305.024 Executing VM operation: GetCurrentLocation
Event: 305.024 Executing VM operation: GetCurrentLocation done
Event: 305.024 Executing VM operation: ChangeSingleStep
Event: 305.025 Executing VM operation: ChangeSingleStep done
Event: 305.025 Executing VM operation: GetFrameLocation
Event: 305.025 Executing VM operation: GetFrameLocation done


Dynamic libraries:
0x00007ff6652b0000 - 0x00007ff6652bd000 	C:\Users\suchi\.p2\pool\plugins\org.eclipse.justj.openjdk.hotspot.jre.full.win32.x86_64_15.0.2.v20210201-0955\jre\bin\javaw.exe
0x00007fff5ba70000 - 0x00007fff5bc65000 	C:\windows\SYSTEM32\ntdll.dll
0x00007fff5ac00000 - 0x00007fff5acbe000 	C:\windows\System32\KERNEL32.DLL
0x00007fff596e0000 - 0x00007fff599a8000 	C:\windows\System32\KERNELBASE.dll
0x00007fff595e0000 - 0x00007fff596e0000 	C:\windows\System32\ucrtbase.dll
0x00007fff44d60000 - 0x00007fff44d79000 	C:\Users\suchi\.p2\pool\plugins\org.eclipse.justj.openjdk.hotspot.jre.full.win32.x86_64_15.0.2.v20210201-0955\jre\bin\VCRUNTIME140.dll
0x00007fff44d80000 - 0x00007fff44d98000 	C:\Users\suchi\.p2\pool\plugins\org.eclipse.justj.openjdk.hotspot.jre.full.win32.x86_64_15.0.2.v20210201-0955\jre\bin\jli.dll
0x00007fff5ada0000 - 0x00007fff5af40000 	C:\windows\System32\USER32.dll
0x00007fff59390000 - 0x00007fff593b2000 	C:\windows\System32\win32u.dll
0x00007fff5a380000 - 0x00007fff5a3ab000 	C:\windows\System32\GDI32.dll
0x00007fff34410000 - 0x00007fff346aa000 	C:\windows\WinSxS\amd64_microsoft.windows.common-controls_6595b64144ccf1df_6.0.19041.1110_none_60b5254171f9507e\COMCTL32.dll
0x00007fff59280000 - 0x00007fff5938d000 	C:\windows\System32\gdi32full.dll
0x00007fff5b220000 - 0x00007fff5b2be000 	C:\windows\System32\msvcrt.dll
0x00007fff59a20000 - 0x00007fff59abd000 	C:\windows\System32\msvcp_win.dll
0x00007fff5aa00000 - 0x00007fff5aa30000 	C:\windows\System32\IMM32.DLL
0x00007fff405d0000 - 0x00007fff405dc000 	C:\Users\suchi\.p2\pool\plugins\org.eclipse.justj.openjdk.hotspot.jre.full.win32.x86_64_15.0.2.v20210201-0955\jre\bin\vcruntime140_1.dll
0x00007ffee7c30000 - 0x00007ffee7cc1000 	C:\Users\suchi\.p2\pool\plugins\org.eclipse.justj.openjdk.hotspot.jre.full.win32.x86_64_15.0.2.v20210201-0955\jre\bin\msvcp140.dll
0x00007ffec7560000 - 0x00007ffec80be000 	C:\Users\suchi\.p2\pool\plugins\org.eclipse.justj.openjdk.hotspot.jre.full.win32.x86_64_15.0.2.v20210201-0955\jre\bin\server\jvm.dll
0x00007fff5b980000 - 0x00007fff5ba2e000 	C:\windows\System32\ADVAPI32.dll
0x00007fff5ab60000 - 0x00007fff5abfc000 	C:\windows\System32\sechost.dll
0x00007fff5a830000 - 0x00007fff5a955000 	C:\windows\System32\RPCRT4.dll
0x00007fff5a960000 - 0x00007fff5a968000 	C:\windows\System32\PSAPI.DLL
0x00007fff3b8e0000 - 0x00007fff3b8e9000 	C:\windows\SYSTEM32\WSOCK32.dll
0x00007fff403b0000 - 0x00007fff403d7000 	C:\windows\SYSTEM32\WINMM.dll
0x00007fff4f3e0000 - 0x00007fff4f3ea000 	C:\windows\SYSTEM32\VERSION.dll
0x00007fff5b3a0000 - 0x00007fff5b40b000 	C:\windows\System32\WS2_32.dll
0x00007fff57a00000 - 0x00007fff57a12000 	C:\windows\SYSTEM32\kernel.appcore.dll
0x00007fff45aa0000 - 0x00007fff45aaa000 	C:\Users\suchi\.p2\pool\plugins\org.eclipse.justj.openjdk.hotspot.jre.full.win32.x86_64_15.0.2.v20210201-0955\jre\bin\jimage.dll
0x00007fff56f50000 - 0x00007fff57134000 	C:\windows\SYSTEM32\DBGHELP.DLL
0x00007fff46240000 - 0x00007fff4626c000 	C:\windows\SYSTEM32\dbgcore.DLL
0x00007fff593c0000 - 0x00007fff59442000 	C:\windows\System32\bcryptPrimitives.dll
0x00007fff2b7f0000 - 0x00007fff2b829000 	C:\Users\suchi\.p2\pool\plugins\org.eclipse.justj.openjdk.hotspot.jre.full.win32.x86_64_15.0.2.v20210201-0955\jre\bin\jdwp.dll
0x00007fff405c0000 - 0x00007fff405ce000 	C:\Users\suchi\.p2\pool\plugins\org.eclipse.justj.openjdk.hotspot.jre.full.win32.x86_64_15.0.2.v20210201-0955\jre\bin\instrument.dll
0x00007fff358a0000 - 0x00007fff358c5000 	C:\Users\suchi\.p2\pool\plugins\org.eclipse.justj.openjdk.hotspot.jre.full.win32.x86_64_15.0.2.v20210201-0955\jre\bin\java.dll
0x00007fff452d0000 - 0x00007fff452e8000 	C:\Users\suchi\.p2\pool\plugins\org.eclipse.justj.openjdk.hotspot.jre.full.win32.x86_64_15.0.2.v20210201-0955\jre\bin\zip.dll
0x00007fff59ac0000 - 0x00007fff5a204000 	C:\windows\System32\SHELL32.dll
0x00007fff57250000 - 0x00007fff579e4000 	C:\windows\SYSTEM32\windows.storage.dll
0x00007fff5b620000 - 0x00007fff5b975000 	C:\windows\System32\combase.dll
0x00007fff58bd0000 - 0x00007fff58bfe000 	C:\windows\SYSTEM32\Wldp.dll
0x00007fff5af40000 - 0x00007fff5afed000 	C:\windows\System32\SHCORE.dll
0x00007fff5a2c0000 - 0x00007fff5a315000 	C:\windows\System32\shlwapi.dll
0x00007fff590c0000 - 0x00007fff590df000 	C:\windows\SYSTEM32\profapi.dll
0x00007fff40590000 - 0x00007fff4059b000 	C:\Users\suchi\.p2\pool\plugins\org.eclipse.justj.openjdk.hotspot.jre.full.win32.x86_64_15.0.2.v20210201-0955\jre\bin\dt_socket.dll
0x00007fff585d0000 - 0x00007fff5860b000 	C:\windows\SYSTEM32\IPHLPAPI.DLL
0x00007fff58930000 - 0x00007fff5899a000 	C:\windows\system32\mswsock.dll
0x00007fff58610000 - 0x00007fff586db000 	C:\windows\SYSTEM32\DNSAPI.dll
0x00007fff5acc0000 - 0x00007fff5acc8000 	C:\windows\System32\NSI.dll
0x00007fff4f370000 - 0x00007fff4f37a000 	C:\Windows\System32\rasadhlp.dll
0x00007fff4ed20000 - 0x00007fff4ed9f000 	C:\windows\System32\fwpuclnt.dll
0x00007fff595b0000 - 0x00007fff595d7000 	C:\windows\System32\bcrypt.dll
0x00007fff4e8e0000 - 0x00007fff4e8f9000 	C:\Users\suchi\.p2\pool\plugins\org.eclipse.justj.openjdk.hotspot.jre.full.win32.x86_64_15.0.2.v20210201-0955\jre\bin\net.dll
0x00007fff54290000 - 0x00007fff5439c000 	C:\windows\SYSTEM32\WINHTTP.dll
0x00007fff4e730000 - 0x00007fff4e742000 	C:\Users\suchi\.p2\pool\plugins\org.eclipse.justj.openjdk.hotspot.jre.full.win32.x86_64_15.0.2.v20210201-0955\jre\bin\nio.dll
0x00007fff4e6e0000 - 0x00007fff4e6f0000 	C:\Users\suchi\.p2\pool\plugins\org.eclipse.justj.openjdk.hotspot.jre.full.win32.x86_64_15.0.2.v20210201-0955\jre\bin\verify.dll
0x00007fff4f3c0000 - 0x00007fff4f3d7000 	C:\windows\SYSTEM32\dhcpcsvc6.DLL
0x00007fff4f3a0000 - 0x00007fff4f3bd000 	C:\windows\SYSTEM32\dhcpcsvc.DLL
0x00007fff58b30000 - 0x00007fff58b48000 	C:\windows\SYSTEM32\CRYPTSP.dll
0x00007fff58240000 - 0x00007fff58274000 	C:\windows\system32\rsaenh.dll
0x00007fff59080000 - 0x00007fff590ae000 	C:\windows\SYSTEM32\USERENV.dll
0x00007fff58b20000 - 0x00007fff58b2c000 	C:\windows\SYSTEM32\CRYPTBASE.dll
0x00007fff45a90000 - 0x00007fff45a9d000 	C:\Users\suchi\.p2\pool\plugins\org.eclipse.justj.openjdk.hotspot.jre.full.win32.x86_64_15.0.2.v20210201-0955\jre\bin\sunmscapi.dll
0x00007fff59450000 - 0x00007fff595a6000 	C:\windows\System32\CRYPT32.dll
0x00007fff58c40000 - 0x00007fff58c67000 	C:\windows\SYSTEM32\ncrypt.dll
0x00007fff58c00000 - 0x00007fff58c3b000 	C:\windows\SYSTEM32\NTASN1.dll
0x00007fff29e50000 - 0x00007fff29e67000 	C:\windows\system32\napinsp.dll
0x00007fff21000000 - 0x00007fff2101b000 	C:\windows\system32\pnrpnsp.dll
0x00007fff544e0000 - 0x00007fff544f5000 	C:\windows\system32\wshbth.dll
0x00007fff54270000 - 0x00007fff5428d000 	C:\windows\system32\NLAapi.dll
0x00007fff20fe0000 - 0x00007fff20ff2000 	C:\windows\System32\winrnr.dll

dbghelp: loaded successfully - version: 4.0.5 - missing functions: none
symbol engine: initialized successfully - sym options: 0x614 - pdb path: .;C:\Users\suchi\.p2\pool\plugins\org.eclipse.justj.openjdk.hotspot.jre.full.win32.x86_64_15.0.2.v20210201-0955\jre\bin;C:\windows\SYSTEM32;C:\windows\WinSxS\amd64_microsoft.windows.common-controls_6595b64144ccf1df_6.0.19041.1110_none_60b5254171f9507e;C:\Users\suchi\.p2\pool\plugins\org.eclipse.justj.openjdk.hotspot.jre.full.win32.x86_64_15.0.2.v20210201-0955\jre\bin\server

VM Arguments:
jvm_args: -XX:+ShowCodeDetailsInExceptionMessages -agentlib:jdwp=transport=dt_socket,suspend=y,address=localhost:54646 -ea -javaagent:C:\Users\suchi\eclipse\java-2021-03\eclipse\configuration\org.eclipse.osgi\222\0\.cp\lib\javaagent-shaded.jar -Dfile.encoding=Cp1252 
java_command: org.eclipse.jdt.internal.junit.runner.RemoteTestRunner -version 3 -port 54645 -testLoaderClass org.eclipse.jdt.internal.junit4.runner.JUnit4TestLoader -loaderpluginname org.eclipse.jdt.junit4.runtime -classNames utility.TestRunner
java_class_path (initial): C:\Users\suchi\eclipse-workspace\CucumberJava\target\test-classes;C:\Users\suchi\eclipse-workspace\CucumberJava\target\classes;C:\Users\suchi\.m2\repository\io\cucumber\cucumber-java\7.2.3\cucumber-java-7.2.3.jar;C:\Users\suchi\.m2\repository\io\cucumber\cucumber-core\7.2.3\cucumber-core-7.2.3.jar;C:\Users\suchi\.m2\repository\io\cucumber\cucumber-gherkin\7.2.3\cucumber-gherkin-7.2.3.jar;C:\Users\suchi\.m2\repository\io\cucumber\cucumber-gherkin-messages\7.2.3\cucumber-gherkin-messages-7.2.3.jar;C:\Users\suchi\.m2\repository\io\cucumber\messages\17.1.1\messages-17.1.1.jar;C:\Users\suchi\.m2\repository\io\cucumber\tag-expressions\4.1.0\tag-expressions-4.1.0.jar;C:\Users\suchi\.m2\repository\io\cucumber\cucumber-expressions\15.0.1\cucumber-expressions-15.0.1.jar;C:\Users\suchi\.m2\repository\io\cucumber\datatable\7.2.3\datatable-7.2.3.jar;C:\Users\suchi\.m2\repository\io\cucumber\cucumber-plugin\7.2.3\cucumber-plugin-7.2.3.jar;C:\Users\suchi\.m2\repository\io\cucumber\docstring\7.2.3\docstring-7.2.3.jar;C:\Users\suchi\.m2\repository\io\cucumber\html-formatter\17.0.0\html-formatter-17.0.0.jar;C:\Users\suchi\.m2\repository\io\cucumber\ci-environment\8.1.0\ci-environment-8.1.0.jar;C:\Users\suchi\.m2\repository\org\apiguardian\apiguardian-api\1.1.2\apiguardian-api-1.1.2.jar;C:\Users\suchi\.m2\repository\junit\junit\4.13.2\junit-4.13.2.jar;C:\Users\suchi\.m2\repository\org\hamcrest\hamcrest-core\1.3\hamcrest-core-1.3.jar;C:\Users\suchi\.m2\repository\io\cucumber\cucumber-junit\7.2.3\cucumber-junit-7.2.3.jar;C:\Users\suchi\.m2\repository\org\seleniumhq\selenium\selenium-java\3.141.59\selenium-java-3.141.59.jar;C:\Users\suchi\.m2\repository\org\seleniumhq\selenium\selenium-api\3.141.59\selenium-api-3.141.59.jar;C:\Users\suchi\.m2\repository\org\seleniumhq\selenium\selenium-chrome-driver\3.141.59\selenium-chrome-driver-3.141.59.jar;C:\Users\suchi\.m2\repository\org\seleniumhq\selenium\selenium-edge-driver\3.141.59\selenium-edge-driver-3.141.59.jar
Launcher Type: SUN_STANDARD

[Global flags]
     intx CICompilerCount                          = 4                                         {product} {ergonomic}
     uint ConcGCThreads                            = 2                                         {product} {ergonomic}
     uint G1ConcRefinementThreads                  = 8                                         {product} {ergonomic}
   size_t G1HeapRegionSize                         = 1048576                                   {product} {ergonomic}
    uintx GCDrainStackTargetSize                   = 64                                        {product} {ergonomic}
   size_t InitialHeapSize                          = 132120576                                 {product} {ergonomic}
   size_t MarkStackSize                            = 4194304                                   {product} {ergonomic}
   size_t MaxHeapSize                              = 2088763392                                {product} {ergonomic}
   size_t MaxNewSize                               = 1253048320                                {product} {ergonomic}
   size_t MinHeapDeltaBytes                        = 1048576                                   {product} {ergonomic}
   size_t MinHeapSize                              = 8388608                                   {product} {ergonomic}
    uintx NonNMethodCodeHeapSize                   = 5839372                                {pd product} {ergonomic}
    uintx NonProfiledCodeHeapSize                  = 122909434                              {pd product} {ergonomic}
    uintx ProfiledCodeHeapSize                     = 122909434                              {pd product} {ergonomic}
    uintx ReservedCodeCacheSize                    = 251658240                              {pd product} {ergonomic}
     bool SegmentedCodeCache                       = true                                      {product} {ergonomic}
     bool ShowCodeDetailsInExceptionMessages       = true                                   {manageable} {command line}
   size_t SoftMaxHeapSize                          = 2088763392                             {manageable} {ergonomic}
     bool UseCompressedClassPointers               = true                                 {lp64_product} {ergonomic}
     bool UseCompressedOops                        = true                                 {lp64_product} {ergonomic}
     bool UseG1GC                                  = true                                      {product} {ergonomic}
     bool UseLargePagesIndividualAllocation        = false                                  {pd product} {ergonomic}

Logging:
Log output configuration:
 #0: stdout all=warning uptime,level,tags
 #1: stderr all=off uptime,level,tags

Environment Variables:
JAVA_HOME=C:\Program Files\Java\jdk1.8.0_291
PATH=C:\Users\suchi\.p2\pool\plugins\org.eclipse.justj.openjdk.hotspot.jre.full.win32.x86_64_15.0.2.v20210201-0955\jre\bin;C:/Users/suchi/.p2/pool/plugins/org.eclipse.justj.openjdk.hotspot.jre.full.win32.x86_64_15.0.2.v20210201-0955/jre/bin/server;C:/Users/suchi/.p2/pool/plugins/org.eclipse.justj.openjdk.hotspot.jre.full.win32.x86_64_15.0.2.v20210201-0955/jre/bin;C:\Program Files\Common Files\Oracle\Java\javapath;C:\Program Files (x86)\Common Files\Oracle\Java\javapath;C:\windows\system32;C:\windows;C:\windows\System32\Wbem;C:\windows\System32\WindowsPowerShell\v1.0\;C:\windows\System32\OpenSSH\;C:\Program Files (x86)\NVIDIA Corporation\PhysX\Common;C:\Program Files\NVIDIA Corporation\NVIDIA NvDLISR;C:\Program Files\Java\jdk1.8.0_291\bin;C:\Program Files\Git\cmd;C:\Users\suchi\AppData\Local\Android\Sdk\tools;C:\Users\suchi\AppData\Local\Android\Sdk\platform-tools;C:\Users\suchi\AppData\Local\Microsoft\WindowsApps;C:\Program Files\Java\jdk1.8.0_291\bin;C:\Maven\apache-maven-3.3.9-bin\apache-maven-3.3.9\bin;C:\Program Files\TestProject Agent;C:\windows\system32;
USERNAME=suchi
OS=Windows_NT
PROCESSOR_IDENTIFIER=Intel64 Family 6 Model 142 Stepping 12, GenuineIntel



---------------  S Y S T E M  ---------------

OS:
 Windows 10 , 64 bit Build 19041 (10.0.19041.1503)
OS uptime: 1 days 16:54 hours

CPU: total 8 (initial active 8) (4 cores per cpu, 2 threads per core) family 6 model 142 stepping 12 microcode 0xde, cmov, cx8, fxsr, mmx, sse, sse2, sse3, ssse3, sse4.1, sse4.2, popcnt, vzeroupper, avx, avx2, aes, clmul, erms, 3dnowpref, lzcnt, ht, tsc, tscinvbit, bmi1, bmi2, adx, fma, clflush, clflushopt

Memory: 4k page, system-wide physical 7963M (818M free)
TotalPageFile size 17793M (AvailPageFile size 3091M)
current process WorkingSet (physical memory assigned to process): 117M, peak: 168M
current process commit charge ("private bytes"): 193M, peak: 253M

vm_info: OpenJDK 64-Bit Server VM (15.0.2+7-27) for windows-amd64 JRE (15.0.2+7-27), built on Dec  7 2020 20:02:38 by "mach5one" with unknown MS VC++:1925

END.
